
Start-Date: 2017-10-10  01:12:46
Commandline: apt-get install -y autoconf dpkg-dev file g++ gcc libc-dev libpcre3-dev make pkg-config re2c ca-certificates curl libedit2 libsqlite3-0 libxml2 xz-utils --no-install-recommends
Install: libedit2:amd64 (3.1-20140620-2), libisl10:amd64 (0.12.2-2, automatic), libtimedate-perl:amd64 (2.3000-2, automatic), libasan1:amd64 (4.9.2-10, automatic), libsasl2-modules-db:amd64 (2.1.26.dfsg1-13+deb8u1, automatic), libquadmath0:amd64 (4.9.2-10, automatic), libmpc3:amd64 (1.0.2-1, automatic), perl:amd64 (5.20.2-3+deb8u9, automatic), make:amd64 (4.0-8.1), libssl1.0.0:amd64 (1.0.1t-1+deb8u6, automatic), libubsan0:amd64 (4.9.2-10, automatic), m4:amd64 (1.4.17-4, automatic), libgnutls-deb0-28:amd64 (3.3.8-6+deb8u7, automatic), libgssapi-krb5-2:amd64 (1.12.1+dfsg-19+deb8u2, automatic), cpp-4.9:amd64 (4.9.2-10, automatic), libstdc++-4.9-dev:amd64 (4.9.2-10, automatic), libgomp1:amd64 (4.9.2-10, automatic), libkrb5-3:amd64 (1.12.1+dfsg-19+deb8u2, automatic), libtsan0:amd64 (4.9.2-10, automatic), dpkg-dev:amd64 (1.17.27), libcilkrts5:amd64 (4.9.2-10, automatic), libc-dev-bin:amd64 (2.19-18+deb8u10, automatic), file:amd64 (5.22+15-2+deb8u3), libmagic1:amd64 (5.22+15-2+deb8u3, automatic), libglib2.0-0:amd64 (2.42.1-1+b1, automatic), xz-utils:amd64 (5.1.1alpha+20120614-2+b3), libidn11:amd64 (1.29-1+deb8u2, automatic), curl:amd64 (7.38.0-4+deb8u6), patch:amd64 (2.7.5-1, automatic), librtmp1:amd64 (2.4+20150115.gita107cef-1+deb8u1, automatic), g++:amd64 (4.9.2-2), libatomic1:amd64 (4.9.2-10, automatic), libldap-2.4-2:amd64 (2.4.40+dfsg-1+deb8u3, automatic), libsqlite3-0:amd64 (3.8.7.1-1+deb8u2), libmpfr4:amd64 (3.1.2-2, automatic), libssh2-1:amd64 (1.4.3-4.1+deb8u1, automatic), libxml2:amd64 (2.9.1+dfsg1-5+deb8u5), g++-4.9:amd64 (4.9.2-10, automatic), bzip2:amd64 (1.0.6-7+b3, automatic), binutils:amd64 (2.25-5+deb8u1, automatic), gcc:amd64 (4.9.2-2), perl-modules:amd64 (5.20.2-3+deb8u9, automatic), re2c:amd64 (0.13.5-1), libgmp10:amd64 (6.0.0+dfsg-6, automatic), libgdbm3:amd64 (1.8.3-13.1, automatic), libpcre3-dev:amd64 (8.35-3.3+deb8u4), libhogweed2:amd64 (2.7.1-5+deb8u2, automatic), libdpkg-perl:amd64 (1.17.27, automatic), cpp:amd64 (4.9.2-2, automatic), gcc-4.9:amd64 (4.9.2-10, automatic), libp11-kit0:amd64 (0.20.7-1, automatic), ca-certificates:amd64 (20141019+deb8u3), libsigsegv2:amd64 (2.10-4+b1, automatic), libcloog-isl4:amd64 (0.18.2-1+b2, automatic), autoconf:amd64 (2.69-8), libcurl3:amd64 (7.38.0-4+deb8u6, automatic), libpcrecpp0:amd64 (8.35-3.3+deb8u4, automatic), libnettle4:amd64 (2.7.1-5+deb8u2, automatic), libbsd0:amd64 (0.7.0-2, automatic), libgcc-4.9-dev:amd64 (4.9.2-10, automatic), libsasl2-2:amd64 (2.1.26.dfsg1-13+deb8u1, automatic), openssl:amd64 (1.0.1t-1+deb8u6, automatic), linux-libc-dev:amd64 (3.16.43-2+deb8u5, automatic), liblsan0:amd64 (4.9.2-10, automatic), libtasn1-6:amd64 (4.2-3+deb8u3, automatic), libkeyutils1:amd64 (1.5.9-5+b1, automatic), libitm1:amd64 (4.9.2-10, automatic), libkrb5support0:amd64 (1.12.1+dfsg-19+deb8u2, automatic), libk5crypto3:amd64 (1.12.1+dfsg-19+deb8u2, automatic), libc6-dev:amd64 (2.19-18+deb8u10), pkg-config:amd64 (0.28-1), libffi6:amd64 (3.1-2+deb8u1, automatic)
End-Date: 2017-10-10  01:12:59

Start-Date: 2017-10-10  01:22:04
Commandline: apt-get install -y --no-install-recommends apache2
Install: mime-support:amd64 (3.58, automatic), apache2-utils:amd64 (2.4.10-10+deb8u11, automatic), liblua5.1-0:amd64 (5.1.5-7.1, automatic), libaprutil1:amd64 (1.5.4-1, automatic), libaprutil1-dbd-sqlite3:amd64 (1.5.4-1, automatic), libaprutil1-ldap:amd64 (1.5.4-1, automatic), apache2-data:amd64 (2.4.10-10+deb8u11, automatic), libapr1:amd64 (1.5.1-3, automatic), libexpat1:amd64 (2.1.0-6+deb8u4, automatic), apache2:amd64 (2.4.10-10+deb8u11), apache2-bin:amd64 (2.4.10-10+deb8u11, automatic)
End-Date: 2017-10-10  01:22:09

Start-Date: 2017-10-30  23:10:41
Commandline: apt-get install -y --no-install-recommends wget
Install: libicu52:amd64 (52.1-8+deb8u5, automatic), libpsl0:amd64 (0.5.1-1, automatic), wget:amd64 (1.16-1+deb8u4)
End-Date: 2017-10-30  23:10:43

Start-Date: 2017-10-30  23:10:48
Commandline: apt-get purge -y --auto-remove -o APT::AutoRemove::RecommendsImportant=false wget
Purge: libicu52:amd64 (52.1-8+deb8u5), libpsl0:amd64 (0.5.1-1), wget:amd64 (1.16-1+deb8u4)
End-Date: 2017-10-30  23:10:49

Start-Date: 2017-10-30  23:11:06
Commandline: apt-get install -y apache2-dev libcurl4-openssl-dev libedit-dev libsqlite3-dev libssl-dev libxml2-dev zlib1g-dev --no-install-recommends
Install: gettext-base:amd64 (0.19.3-2, automatic), bsdmainutils:amd64 (9.0.6, automatic), libsqlite3-dev:amd64 (3.8.7.1-1+deb8u2), man-db:amd64 (2.7.0.2-5, automatic), zlib1g-dev:amd64 (1.2.8.dfsg-2+b1), libldap2-dev:amd64 (2.4.40+dfsg-1+deb8u3, automatic), libsctp-dev:amd64 (1.0.16+dfsg-2, automatic), libsctp1:amd64 (1.0.16+dfsg-2, automatic), groff-base:amd64 (1.22.2-8, automatic), uuid-dev:amd64 (2.25.2-6, automatic), libpipeline1:amd64 (1.4.0-1, automatic), libexpat1-dev:amd64 (2.1.0-6+deb8u4, automatic), intltool-debian:amd64 (0.35.0+20060710.1, automatic), debhelper:amd64 (9.20150101+deb8u2, automatic), libedit-dev:amd64 (3.1-20140620-2), apache2-dev:amd64 (2.4.10-10+deb8u11), libtinfo-dev:amd64 (5.9+20140913-1+b1, automatic), libbsd-dev:amd64 (0.7.0-2, automatic), libaprutil1-dev:amd64 (1.5.4-1, automatic), libxml2-dev:amd64 (2.9.1+dfsg1-5+deb8u5), libssl-dev:amd64 (1.0.1t-1+deb8u6), libunistring0:amd64 (0.9.3-5.2+b1, automatic), po-debconf:amd64 (1.0.16+nmu3, automatic), libcroco3:amd64 (0.6.8-3+b1, automatic), gettext:amd64 (0.19.3-2, automatic), libasprintf0c2:amd64 (0.19.3-2, automatic), libcurl4-openssl-dev:amd64 (7.38.0-4+deb8u7), libapr1-dev:amd64 (1.5.1-3, automatic)
Upgrade: curl:amd64 (7.38.0-4+deb8u6, 7.38.0-4+deb8u7), libcurl3:amd64 (7.38.0-4+deb8u6, 7.38.0-4+deb8u7)
End-Date: 2017-10-30  23:11:17

Start-Date: 2017-10-30  23:13:14
Commandline: apt-get purge -y --auto-remove -o APT::AutoRemove::RecommendsImportant=false apache2-dev libcurl4-openssl-dev libedit-dev libsqlite3-dev libssl-dev libxml2-dev zlib1g-dev
Purge: gettext-base:amd64 (0.19.3-2), bsdmainutils:amd64 (9.0.6), libsqlite3-dev:amd64 (3.8.7.1-1+deb8u2), man-db:amd64 (2.7.0.2-5), zlib1g-dev:amd64 (1.2.8.dfsg-2+b1), libldap2-dev:amd64 (2.4.40+dfsg-1+deb8u3), libsctp-dev:amd64 (1.0.16+dfsg-2), libsctp1:amd64 (1.0.16+dfsg-2), groff-base:amd64 (1.22.2-8), uuid-dev:amd64 (2.25.2-6), libpipeline1:amd64 (1.4.0-1), libexpat1-dev:amd64 (2.1.0-6+deb8u4), intltool-debian:amd64 (0.35.0+20060710.1), debhelper:amd64 (9.20150101+deb8u2), libedit-dev:amd64 (3.1-20140620-2), apache2-dev:amd64 (2.4.10-10+deb8u11), libtinfo-dev:amd64 (5.9+20140913-1+b1), libbsd-dev:amd64 (0.7.0-2), libaprutil1-dev:amd64 (1.5.4-1), libxml2-dev:amd64 (2.9.1+dfsg1-5+deb8u5), libssl-dev:amd64 (1.0.1t-1+deb8u6), libunistring0:amd64 (0.9.3-5.2+b1), po-debconf:amd64 (1.0.16+nmu3), libcroco3:amd64 (0.6.8-3+b1), gettext:amd64 (0.19.3-2), libasprintf0c2:amd64 (0.19.3-2), libcurl4-openssl-dev:amd64 (7.38.0-4+deb8u7), libapr1-dev:amd64 (1.5.1-3)
End-Date: 2017-10-30  23:13:16

Start-Date: 2017-11-03  08:19:35
Commandline: apt-get install -y libmcrypt-dev libjpeg62-turbo-dev libpcre3-dev libpng12-dev libfreetype6-dev libxml2-dev libicu-dev mysql-client wget unzip
Install: libfreetype6-dev:amd64 (2.5.2-3+deb8u2), mysql-client:amd64 (5.5.58-0+deb8u1), zlib1g-dev:amd64 (1.2.8.dfsg-2+b1, automatic), libicu52:amd64 (52.1-8+deb8u5, automatic), libpng12-0:amd64 (1.2.50-2+deb8u3, automatic), libpsl0:amd64 (0.5.1-1, automatic), libfreetype6:amd64 (2.5.2-3+deb8u2, automatic), libmcrypt4:amd64 (2.5.8-3.3, automatic), mysql-client-5.5:amd64 (5.5.58-0+deb8u1, automatic), libjpeg62-turbo-dev:amd64 (1.3.1-12), libterm-readkey-perl:amd64 (2.32-1+b1, automatic), libicu-dev:amd64 (52.1-8+deb8u5), libxml2-dev:amd64 (2.9.1+dfsg1-5+deb8u5), wget:amd64 (1.16-1+deb8u4), libpng12-dev:amd64 (1.2.50-2+deb8u3), mysql-common:amd64 (5.5.58-0+deb8u1, automatic), libmysqlclient18:amd64 (5.5.58-0+deb8u1, automatic), unzip:amd64 (6.0-16+deb8u3), libmcrypt-dev:amd64 (2.5.8-3.3), libjpeg62-turbo:amd64 (1.3.1-12, automatic), icu-devtools:amd64 (52.1-8+deb8u5, automatic), libdbd-mysql-perl:amd64 (4.028-2+deb8u2, automatic), libdbi-perl:amd64 (1.631-3+b1, automatic)
End-Date: 2017-11-03  08:19:57

Start-Date: 2017-11-05  20:16:48
Commandline: apt-get -y install git
Install: libxau6:amd64 (1.0.8-1, automatic), libxext6:amd64 (1.3.3-1, automatic), libpopt0:amd64 (1.16-10, automatic), libx11-data:amd64 (1.6.2-3, automatic), libxcb1:amd64 (1.10-3+b1, automatic), libxdmcp6:amd64 (1.1.1-1+b1, automatic), less:amd64 (458-3, automatic), openssh-client:amd64 (6.7p1-5+deb8u3, automatic), liberror-perl:amd64 (0.17-1.1, automatic), git-man:amd64 (2.1.4-2.1+deb8u5, automatic), git:amd64 (2.1.4-2.1+deb8u5), libxmuu1:amd64 (1.1.2-1, automatic), rsync:amd64 (3.1.1-3, automatic), xauth:amd64 (1.0.9-1, automatic), libx11-6:amd64 (1.6.2-3, automatic), libcurl3-gnutls:amd64 (7.38.0-4+deb8u7, automatic)
End-Date: 2017-11-05  20:17:00
